0 info it worked if it ends with ok
1 verbose cli [ 'node',
1 verbose cli   '/usr/local/bin/npm',
1 verbose cli   'install',
1 verbose cli   'node-formidable',
1 verbose cli   '--save' ]
2 info using npm@2.0.2
3 info using node@v0.10.32
4 verbose node symlink /usr/local/bin/node
5 warn package.json sii-com@1.0.0 No description
6 warn package.json sii-com@1.0.0 No repository field.
7 warn package.json sii-com@1.0.0 No README data
8 warn package.json express-cors@0.0.3 No repository field.
9 verbose readDependencies using package.json deps
10 verbose cache add [ 'node-formidable', null ]
11 verbose cache add spec="node-formidable" args=["node-formidable",null]
12 verbose parsed spec { raw: 'node-formidable',
12 verbose parsed spec   scope: null,
12 verbose parsed spec   name: 'node-formidable',
12 verbose parsed spec   rawSpec: '',
12 verbose parsed spec   spec: '*',
12 verbose parsed spec   type: 'range' }
13 verbose parsed spec { raw: 'node-formidable',
13 verbose parsed spec   scope: null,
13 verbose parsed spec   name: 'node-formidable',
13 verbose parsed spec   rawSpec: '',
13 verbose parsed spec   spec: '*',
13 verbose parsed spec   type: 'range' }
14 verbose addNamed [ 'node-formidable', '*' ]
15 verbose addNamed [ null, '*' ]
16 silly lockFile 722fc2bb-node-formidable node-formidable@*
17 verbose lock node-formidable@* /Users/wchegham/.npm/722fc2bb-node-formidable.lock
18 silly addNameRange { name: 'node-formidable', range: '*', hasData: false }
19 verbose mapToRegistry name node-formidable
20 verbose mapToRegistry uri https://registry.npmjs.org/node-formidable
21 verbose request on initialization, where is /node-formidable
22 verbose request after pass 1, where is /node-formidable
23 verbose request url raw /node-formidable
24 verbose request resolving registry [ 'https://registry.npmjs.org/', './node-formidable' ]
25 verbose request after pass 2, where is https://registry.npmjs.org/node-formidable
26 verbose request no auth needed
27 info attempt registry request try #1 at 16:57:42
28 verbose request id 3747e4aebd215890
29 http request GET https://registry.npmjs.org/node-formidable
30 http 404 https://registry.npmjs.org/node-formidable
31 verbose headers { date: 'Sun, 05 Oct 2014 14:57:43 GMT',
31 verbose headers   server: 'CouchDB/1.5.0 (Erlang OTP/R14B04)',
31 verbose headers   'content-type': 'application/json',
31 verbose headers   'cache-control': 'max-age=0',
31 verbose headers   'content-length': '52',
31 verbose headers   'accept-ranges': 'bytes',
31 verbose headers   via: '1.1 varnish',
31 verbose headers   age: '0',
31 verbose headers   'x-served-by': 'cache-ams4124-AMS',
31 verbose headers   'x-cache': 'MISS',
31 verbose headers   'x-cache-hits': '0',
31 verbose headers   'x-timer': 'S1412521063.411320,VS0,VE155',
31 verbose headers   'keep-alive': 'timeout=10, max=50',
31 verbose headers   connection: 'Keep-Alive' }
32 silly registry.get cb [ 404,
32 silly registry.get   { date: 'Sun, 05 Oct 2014 14:57:43 GMT',
32 silly registry.get     server: 'CouchDB/1.5.0 (Erlang OTP/R14B04)',
32 silly registry.get     'content-type': 'application/json',
32 silly registry.get     'cache-control': 'max-age=0',
32 silly registry.get     'content-length': '52',
32 silly registry.get     'accept-ranges': 'bytes',
32 silly registry.get     via: '1.1 varnish',
32 silly registry.get     age: '0',
32 silly registry.get     'x-served-by': 'cache-ams4124-AMS',
32 silly registry.get     'x-cache': 'MISS',
32 silly registry.get     'x-cache-hits': '0',
32 silly registry.get     'x-timer': 'S1412521063.411320,VS0,VE155',
32 silly registry.get     'keep-alive': 'timeout=10, max=50',
32 silly registry.get     connection: 'Keep-Alive' } ]
33 silly lockFile 722fc2bb-node-formidable node-formidable@*
34 silly lockFile 722fc2bb-node-formidable node-formidable@*
35 verbose stack Error: 404 Not Found: node-formidable
35 verbose stack     at RegClient.<anonymous> (/usr/local/lib/node_modules/npm/node_modules/npm-registry-client/lib/request.js:258:14)
35 verbose stack     at Request._callback (/usr/local/lib/node_modules/npm/node_modules/npm-registry-client/lib/request.js:197:65)
35 verbose stack     at Request.self.callback (/usr/local/lib/node_modules/npm/node_modules/request/request.js:237:22)
35 verbose stack     at Request.emit (events.js:98:17)
35 verbose stack     at Request.<anonymous> (/usr/local/lib/node_modules/npm/node_modules/request/request.js:1146:14)
35 verbose stack     at Request.emit (events.js:117:20)
35 verbose stack     at IncomingMessage.<anonymous> (/usr/local/lib/node_modules/npm/node_modules/request/request.js:1097:12)
35 verbose stack     at IncomingMessage.emit (events.js:117:20)
35 verbose stack     at _stream_readable.js:943:16
35 verbose stack     at process._tickCallback (node.js:419:13)
36 verbose statusCode 404
37 verbose pkgid node-formidable
38 verbose cwd /Users/wchegham/Sandbox/dev/sii-com
39 error Darwin 13.4.0
40 error argv "node" "/usr/local/bin/npm" "install" "node-formidable" "--save"
41 error node v0.10.32
42 error npm  v2.0.2
43 error code E404
44 error 404 Not Found: node-formidable
44 error 404
44 error 404 'node-formidable' is not in the npm registry.
44 error 404 You should bug the author to publish it (or use the name yourself!)
44 error 404 It was specified as a dependency of 'sii-com'
44 error 404
44 error 404 Note that you can also install from a
44 error 404 tarball, folder, http url, or git url.
45 verbose exit [ 1, true ]
